nohup: ignoring input
[INFO] Scanning for projects...
[INFO] 
[INFO] --------------------< com.athenia:athenia-backend >---------------------
[INFO] Building AtheniaBackend 1.0.0
[INFO] --------------------------------[ jar ]---------------------------------
[INFO] 
[INFO] >>> spring-boot-maven-plugin:3.2.5:run (default-cli) > test-compile @ athenia-backend >>>
[INFO] 
[INFO] --- maven-resources-plugin:3.3.1:resources (default-resources) @ athenia-backend ---
[INFO] Copying 1 resource from src/main/resources to target/classes
[INFO] Copying 0 resource from src/main/resources to target/classes
[INFO] 
[INFO] --- maven-compiler-plugin:3.11.0:compile (default-compile) @ athenia-backend ---
[INFO] Nothing to compile - all classes are up to date
[INFO] 
[INFO] --- maven-resources-plugin:3.3.1:testResources (default-testResources) @ athenia-backend ---
[INFO] skip non existing resourceDirectory /home/heltonquiroz/athenia-clean/src/test/resources
[INFO] 
[INFO] --- maven-compiler-plugin:3.11.0:testCompile (default-testCompile) @ athenia-backend ---
[INFO] Nothing to compile - all classes are up to date
[INFO] 
[INFO] <<< spring-boot-maven-plugin:3.2.5:run (default-cli) < test-compile @ athenia-backend <<<
[INFO] 
[INFO] 
[INFO] --- spring-boot-maven-plugin:3.2.5:run (default-cli) @ athenia-backend ---
[INFO] Attaching agents: []

  .   ____          _            __ _ _
 /\\ / ___'_ __ _ _(_)_ __  __ _ \ \ \ \
( ( )\___ | '_ | '_| | '_ \/ _` | \ \ \ \
 \\/  ___)| |_)| | | | | || (_| |  ) ) ) )
  '  |____| .__|_| |_|_| |_\__, | / / / /
 =========|_|==============|___/=/_/_/_/
 :: Spring Boot ::                (v3.2.5)

2025-10-24T05:10:47.452Z  INFO 8040 --- [AthenIA-Backend] [  restartedMain] c.a.a.AtheniaBackendApplication          : Starting AtheniaBackendApplication using Java 17.0.16 with PID 8040 (/home/heltonquiroz/athenia-clean/target/classes started by heltonquiroz in /home/heltonquiroz/athenia-clean)
2025-10-24T05:10:47.457Z  INFO 8040 --- [AthenIA-Backend] [  restartedMain] c.a.a.AtheniaBackendApplication          : No active profile set, falling back to 1 default profile: "default"
2025-10-24T05:10:47.548Z  INFO 8040 --- [AthenIA-Backend] [  restartedMain] .e.DevToolsPropertyDefaultsPostProcessor : Devtools property defaults active! Set 'spring.devtools.add-properties' to 'false' to disable
2025-10-24T05:10:47.548Z  INFO 8040 --- [AthenIA-Backend] [  restartedMain] .e.DevToolsPropertyDefaultsPostProcessor : For additional web related logging consider setting the 'logging.level.web' property to 'DEBUG'
2025-10-24T05:10:49.122Z  INFO 8040 --- [AthenIA-Backend] [  restartedMain] .s.d.r.c.RepositoryConfigurationDelegate : Bootstrapping Spring Data JPA repositories in DEFAULT mode.
2025-10-24T05:10:49.223Z  INFO 8040 --- [AthenIA-Backend] [  restartedMain] .s.d.r.c.RepositoryConfigurationDelegate : Finished Spring Data repository scanning in 89 ms. Found 6 JPA repository interfaces.
2025-10-24T05:10:50.231Z  INFO 8040 --- [AthenIA-Backend] [  restartedMain] o.s.b.w.embedded.tomcat.TomcatWebServer  : Tomcat initialized with port 8080 (http)
2025-10-24T05:10:50.250Z  INFO 8040 --- [AthenIA-Backend] [  restartedMain] o.apache.catalina.core.StandardService   : Starting service [Tomcat]
2025-10-24T05:10:50.250Z  INFO 8040 --- [AthenIA-Backend] [  restartedMain] o.apache.catalina.core.StandardEngine    : Starting Servlet engine: [Apache Tomcat/10.1.20]
2025-10-24T05:10:50.315Z  INFO 8040 --- [AthenIA-Backend] [  restartedMain] o.a.c.c.C.[Tomcat].[localhost].[/]       : Initializing Spring embedded WebApplicationContext
2025-10-24T05:10:50.317Z  INFO 8040 --- [AthenIA-Backend] [  restartedMain] w.s.c.ServletWebServerApplicationContext : Root WebApplicationContext: initialization completed in 2766 ms
2025-10-24T05:10:50.599Z  INFO 8040 --- [AthenIA-Backend] [  restartedMain] o.hibernate.jpa.internal.util.LogHelper  : HHH000204: Processing PersistenceUnitInfo [name: default]
2025-10-24T05:10:50.663Z  INFO 8040 --- [AthenIA-Backend] [  restartedMain] org.hibernate.Version                    : HHH000412: Hibernate ORM core version 6.4.4.Final
2025-10-24T05:10:50.704Z  INFO 8040 --- [AthenIA-Backend] [  restartedMain] o.h.c.internal.RegionFactoryInitiator    : HHH000026: Second-level cache disabled
2025-10-24T05:10:50.980Z  INFO 8040 --- [AthenIA-Backend] [  restartedMain] o.s.o.j.p.SpringPersistenceUnitInfo      : No LoadTimeWeaver setup: ignoring JPA class transformer
2025-10-24T05:10:51.048Z  INFO 8040 --- [AthenIA-Backend] [  restartedMain] com.zaxxer.hikari.HikariDataSource       : HikariPool-1 - Starting...
2025-10-24T05:10:51.292Z  INFO 8040 --- [AthenIA-Backend] [  restartedMain] com.zaxxer.hikari.pool.HikariPool        : HikariPool-1 - Added connection com.mysql.cj.jdbc.ConnectionImpl@2d666b43
2025-10-24T05:10:51.295Z  INFO 8040 --- [AthenIA-Backend] [  restartedMain] com.zaxxer.hikari.HikariDataSource       : HikariPool-1 - Start completed.
2025-10-24T05:10:51.348Z  WARN 8040 --- [AthenIA-Backend] [  restartedMain] org.hibernate.dialect.Dialect            : HHH000511: The 5.5.0 version for [org.hibernate.dialect.MySQLDialect] is no longer supported, hence certain features may not work properly. The minimum supported version is 8.0.0. Check the community dialects project for available legacy versions.
2025-10-24T05:10:51.354Z  WARN 8040 --- [AthenIA-Backend] [  restartedMain] org.hibernate.orm.deprecation            : HHH90000025: MySQLDialect does not need to be specified explicitly using 'hibernate.dialect' (remove the property setting and it will be selected by default)
2025-10-24T05:10:52.812Z  INFO 8040 --- [AthenIA-Backend] [  restartedMain] o.h.e.t.j.p.i.JtaPlatformInitiator       : HHH000489: No JTA platform available (set 'hibernate.transaction.jta.platform' to enable JTA platform integration)
2025-10-24T05:10:52.918Z  INFO 8040 --- [AthenIA-Backend] [  restartedMain] j.LocalContainerEntityManagerFactoryBean : Initialized JPA EntityManagerFactory for persistence unit 'default'
2025-10-24T05:10:53.358Z  INFO 8040 --- [AthenIA-Backend] [  restartedMain] o.s.d.j.r.query.QueryEnhancerFactory     : Hibernate is in classpath; If applicable, HQL parser will be used.
2025-10-24T05:10:54.435Z  WARN 8040 --- [AthenIA-Backend] [  restartedMain] JpaBaseConfiguration$JpaWebConfiguration : spring.jpa.open-in-view is enabled by default. Therefore, database queries may be performed during view rendering. Explicitly configure spring.jpa.open-in-view to disable this warning
2025-10-24T05:10:55.042Z  INFO 8040 --- [AthenIA-Backend] [  restartedMain] o.s.s.web.DefaultSecurityFilterChain     : Will secure any request with [org.springframework.security.web.session.DisableEncodeUrlFilter@63449c36, org.springframework.security.web.context.request.async.WebAsyncManagerIntegrationFilter@28c8098c, org.springframework.security.web.context.SecurityContextHolderFilter@7712ce4c, org.springframework.security.web.header.HeaderWriterFilter@35a8d024, org.springframework.security.web.authentication.logout.LogoutFilter@52a84484, org.springframework.security.web.savedrequest.RequestCacheAwareFilter@2309d77, org.springframework.security.web.servletapi.SecurityContextHolderAwareRequestFilter@2eeb79bc, org.springframework.security.web.authentication.AnonymousAuthenticationFilter@344aa96e, org.springframework.security.web.session.SessionManagementFilter@645356eb, org.springframework.security.web.access.ExceptionTranslationFilter@50a0fc19, org.springframework.security.web.access.intercept.AuthorizationFilter@72372e1c]
2025-10-24T05:10:55.603Z  INFO 8040 --- [AthenIA-Backend] [  restartedMain] o.s.b.d.a.OptionalLiveReloadServer       : LiveReload server is running on port 35729
2025-10-24T05:10:55.655Z  INFO 8040 --- [AthenIA-Backend] [  restartedMain] o.s.b.w.embedded.tomcat.TomcatWebServer  : Tomcat started on port 8080 (http) with context path ''
2025-10-24T05:10:55.674Z  INFO 8040 --- [AthenIA-Backend] [  restartedMain] c.a.a.AtheniaBackendApplication          : Started AtheniaBackendApplication in 8.828 seconds (process running for 9.581)
2025-10-24T05:14:33.785Z  INFO 8040 --- [AthenIA-Backend] [0.0-8080-exec-1] o.a.c.c.C.[Tomcat].[localhost].[/]       : Initializing Spring DispatcherServlet 'dispatcherServlet'
2025-10-24T05:14:33.785Z  INFO 8040 --- [AthenIA-Backend] [0.0-8080-exec-1] o.s.web.servlet.DispatcherServlet        : Initializing Servlet 'dispatcherServlet'
2025-10-24T05:14:33.787Z  INFO 8040 --- [AthenIA-Backend] [0.0-8080-exec-1] o.s.web.servlet.DispatcherServlet        : Completed initialization in 2 ms
2025-10-24T05:32:38.366Z  INFO 8040 --- [AthenIA-Backend] [ionShutdownHook] j.LocalContainerEntityManagerFactoryBean : Closing JPA EntityManagerFactory for persistence unit 'default'
2025-10-24T05:32:38.376Z  INFO 8040 --- [AthenIA-Backend] [ionShutdownHook] com.zaxxer.hikari.HikariDataSource       : HikariPool-1 - Shutdown initiated...
2025-10-24T05:32:38.388Z  INFO 8040 --- [AthenIA-Backend] [ionShutdownHook] com.zaxxer.hikari.HikariDataSource       : HikariPool-1 - Shutdown completed.
